e:\work\github\d2dwindow-dll\projects\d2dui_1\debug\d2dui_1.pch
e:\work\github\d2dwindow-dll\projects\d2dui_1\debug\vc142.pdb
e:\work\github\d2dwindow-dll\projects\d2dui_1\debug\vc142.idb
e:\work\github\d2dwindow-dll\projects\d2dui_1\debug\pch.obj
e:\work\github\d2dwindow-dll\projects\d2dui_1\debug\dllmain.obj
e:\work\github\d2dwindow-dll\projects\d2dui_1\debug\d2d1ui_1.obj
e:\work\github\d2dwindow-dll\projects\d2dui_1\debug\undo.obj
e:\work\github\d2dwindow-dll\projects\d2dui_1\debug\textstoreacp.obj
e:\work\github\d2dwindow-dll\projects\d2dui_1\debug\textlayout.obj
e:\work\github\d2dwindow-dll\projects\d2dui_1\debug\texteditor.obj
e:\work\github\d2dwindow-dll\projects\d2dui_1\debug\textcontainer.obj
e:\work\github\d2dwindow-dll\projects\d2dui_1\debug\displayattribute.obj
e:\work\github\d2dwindow-dll\projects\d2dui_1\debug\d2dcharrect.obj
e:\work\github\d2dwindow-dll\projects\d2dui_1\debug\textmemory.obj
e:\work\github\d2dwindow-dll\projects\d2dui_1\debug\d2dwindow.obj
e:\work\github\d2dwindow-dll\projects\d2dui_1\debug\d2dwhitecontrol.obj
e:\work\github\d2dwindow-dll\projects\d2dui_1\debug\d2dtreelist.obj
e:\work\github\d2dwindow-dll\projects\d2dui_1\debug\d2dtextboxscrollbar.obj
e:\work\github\d2dwindow-dll\projects\d2dui_1\debug\d2dtextbox.obj
e:\work\github\d2dwindow-dll\projects\d2dui_1\debug\d2dsimplelistbox.obj
e:\work\github\d2dwindow-dll\projects\d2dui_1\debug\d2ddropdownlistbox.obj
e:\work\github\d2dwindow-dll\projects\d2dui_1\debug\d2dbuton.obj
e:\work\github\d2dwindow-dll\projects\project1\debug\d2dui_1.lib
e:\work\github\d2dwindow-dll\projects\project1\debug\d2dui_1.exp
e:\work\github\d2dwindow-dll\projects\project1\debug\d2dui_1.dll
e:\work\github\d2dwindow-dll\projects\d2dui_1\debug\d2dui_1.ilk
e:\work\github\d2dwindow-dll\projects\project1\debug\d2dui_1.pdb
e:\work\github\d2dwindow-dll\projects\d2dui_1\debug\d2dui_1.tlog\cl.command.1.tlog
e:\work\github\d2dwindow-dll\projects\d2dui_1\debug\d2dui_1.tlog\cl.read.1.tlog
e:\work\github\d2dwindow-dll\projects\d2dui_1\debug\d2dui_1.tlog\cl.write.1.tlog
e:\work\github\d2dwindow-dll\projects\d2dui_1\debug\d2dui_1.tlog\d2dui_1.write.1u.tlog
e:\work\github\d2dwindow-dll\projects\d2dui_1\debug\d2dui_1.tlog\link.command.1.tlog
e:\work\github\d2dwindow-dll\projects\d2dui_1\debug\d2dui_1.tlog\link.read.1.tlog
e:\work\github\d2dwindow-dll\projects\d2dui_1\debug\d2dui_1.tlog\link.write.1.tlog
